# JRE version: OpenJDK Runtime Environment Temurin-21.0.10+7 (21.0.10+7) (build 21.0.10+7-LTS)
# Java VM: OpenJDK 64-Bit Server VM Temurin-21.0.10+7 (21.0.10+7-LTS, mixed mode, sharing, tiered, compressed oops, compressed class ptrs, parallel gc, windows-amd64)
GC Precious Log:
 CardTable entry size: 512
 CPUs: 4 total, 4 available
 Memory: 3930M
 Large Page Support: Disabled
 NUMA Support: Disabled
 Compressed Oops: Enabled (32-bit)
 Alignments: Space 512K, Generation 512K, Heap 2M
 Heap Min Capacity: 100M
 Heap Initial Capacity: 100M
 Heap Max Capacity: 2G
 Pre-touch: Disabled
 Parallel Workers: 4
Heap:
 PSYoungGen      total 6144K, used 3424K [0x00000000d5580000, 0x00000000d5e00000, 0x0000000100000000)
  eden space 5120K, 53% used [0x00000000d5580000,0x00000000d58282e0,0x00000000d5a80000)
  from space 1024K, 68% used [0x00000000d5c00000,0x00000000d5cb0000,0x00000000d5d00000)
  to   space 1024K, 0% used [0x00000000d5d00000,0x00000000d5d00000,0x00000000d5e00000)
 ParOldGen       total 822272K, used 822133K [0x0000000080000000, 0x00000000b2300000, 0x00000000d5580000)
  object space 822272K, 99% used [0x0000000080000000,0x00000000b22dd6a8,0x00000000b2300000)
 Metaspace       used 94755K, committed 96384K, reserved 1179648K
  class space    used 9233K, committed 10048K, reserved 1048576K
GC Heap History (20 events):
Event: 21125.207 GC heap before
{Heap before GC invocations=2932 (full 7):
 PSYoungGen      total 6656K, used 6624K [0x00000000d5580000, 0x00000000d6380000, 0x0000000100000000)
  eden space 5120K, 100% used [0x00000000d5580000,0x00000000d5a80000,0x00000000d5a80000)
  from space 1536K, 97% used [0x00000000d5a80000,0x00000000d5bf8020,0x00000000d5c00000)
  to   space 4608K, 0% used [0x00000000d5f00000,0x00000000d5f00000,0x00000000d6380000)
 ParOldGen       total 808960K, used 808690K [0x0000000080000000, 0x00000000b1600000, 0x00000000d5580000)
  object space 808960K, 99% used [0x0000000080000000,0x00000000b15bcb08,0x00000000b1600000)
 Metaspace       used 94755K, committed 96384K, reserved 1179648K
  class space    used 9233K, committed 10048K, reserved 1048576K
}
Event: 21125.212 GC heap after
{Heap after GC invocations=2932 (full 7):
 PSYoungGen      total 7680K, used 2122K [0x00000000d5580000, 0x00000000d6180000, 0x0000000100000000)
  eden space 5120K, 0% used [0x00000000d5580000,0x00000000d5580000,0x00000000d5a80000)
  from space 2560K, 82% used [0x00000000d5f00000,0x00000000d61129a0,0x00000000d6180000)
  to   space 3072K, 0% used [0x00000000d5b80000,0x00000000d5b80000,0x00000000d5e80000)
 ParOldGen       total 809984K, used 809920K [0x0000000080000000, 0x00000000b1700000, 0x00000000d5580000)
  object space 809984K, 99% used [0x0000000080000000,0x00000000b16f0010,0x00000000b1700000)
 Metaspace       used 94755K, committed 96384K, reserved 1179648K
  class space    used 9233K, committed 10048K, reserved 1048576K
}
Event: 21125.252 GC heap before
{Heap before GC invocations=2933 (full 7):
 PSYoungGen      total 7680K, used 7242K [0x00000000d5580000, 0x00000000d6180000, 0x0000000100000000)
  eden space 5120K, 100% used [0x00000000d5580000,0x00000000d5a80000,0x00000000d5a80000)
  from space 2560K, 82% used [0x00000000d5f00000,0x00000000d61129a0,0x00000000d6180000)
  to   space 3072K, 0% used [0x00000000d5b80000,0x00000000d5b80000,0x00000000d5e80000)
 ParOldGen       total 809984K, used 809920K [0x0000000080000000, 0x00000000b1700000, 0x00000000d5580000)
  object space 809984K, 99% used [0x0000000080000000,0x00000000b16f0010,0x00000000b1700000)
 Metaspace       used 94755K, committed 96384K, reserved 1179648K
  class space    used 9233K, committed 10048K, reserved 1048576K
}
Event: 21125.259 GC heap after
{Heap after GC invocations=2933 (full 7):
 PSYoungGen      total 6656K, used 1474K [0x00000000d5580000, 0x00000000d5f80000, 0x0000000100000000)
  eden space 5120K, 0% used [0x00000000d5580000,0x00000000d5580000,0x00000000d5a80000)
  from space 1536K, 95% used [0x00000000d5b80000,0x00000000d5cf09f8,0x00000000d5d00000)
  to   space 2048K, 0% used [0x00000000d5d80000,0x00000000d5d80000,0x00000000d5f80000)
 ParOldGen       total 812032K, used 811986K [0x0000000080000000, 0x00000000b1900000, 0x00000000d5580000)
  object space 812032K, 99% used [0x0000000080000000,0x00000000b18f49e0,0x00000000b1900000)
 Metaspace       used 94755K, committed 96384K, reserved 1179648K
  class space    used 9233K, committed 10048K, reserved 1048576K
}
Event: 21125.273 GC heap before
{Heap before GC invocations=2934 (full 7):
 PSYoungGen      total 6656K, used 6547K [0x00000000d5580000, 0x00000000d5f80000, 0x0000000100000000)
  eden space 5120K, 99% used [0x00000000d5580000,0x00000000d5a744e0,0x00000000d5a80000)
  from space 1536K, 95% used [0x00000000d5b80000,0x00000000d5cf09f8,0x00000000d5d00000)
  to   space 2048K, 0% used [0x00000000d5d80000,0x00000000d5d80000,0x00000000d5f80000)
 ParOldGen       total 812032K, used 811986K [0x0000000080000000, 0x00000000b1900000, 0x00000000d5580000)
  object space 812032K, 99% used [0x0000000080000000,0x00000000b18f49e0,0x00000000b1900000)
 Metaspace       used 94755K, committed 96384K, reserved 1179648K
  class space    used 9233K, committed 10048K, reserved 1048576K
}
Event: 21125.276 GC heap after
{Heap after GC invocations=2934 (full 7):
 PSYoungGen      total 5632K, used 448K [0x00000000d5580000, 0x00000000d5e00000, 0x0000000100000000)
  eden space 5120K, 0% used [0x00000000d5580000,0x00000000d5580000,0x00000000d5a80000)
  from space 512K, 87% used [0x00000000d5d80000,0x00000000d5df0000,0x00000000d5e00000)
  to   space 1024K, 0% used [0x00000000d5c00000,0x00000000d5c00000,0x00000000d5d00000)
 ParOldGen       total 813568K, used 813408K [0x0000000080000000, 0x00000000b1a80000, 0x00000000d5580000)
  object space 813568K, 99% used [0x0000000080000000,0x00000000b1a58288,0x00000000b1a80000)
 Metaspace       used 94755K, committed 96384K, reserved 1179648K
  class space    used 9233K, committed 10048K, reserved 1048576K
}
Event: 21125.297 GC heap before
{Heap before GC invocations=2935 (full 7):
 PSYoungGen      total 5632K, used 5568K [0x00000000d5580000, 0x00000000d5e00000, 0x0000000100000000)
  eden space 5120K, 100% used [0x00000000d5580000,0x00000000d5a80000,0x00000000d5a80000)
  from space 512K, 87% used [0x00000000d5d80000,0x00000000d5df0000,0x00000000d5e00000)
  to   space 1024K, 0% used [0x00000000d5c00000,0x00000000d5c00000,0x00000000d5d00000)
 ParOldGen       total 813568K, used 813408K [0x0000000080000000, 0x00000000b1a80000, 0x00000000d5580000)
  object space 813568K, 99% used [0x0000000080000000,0x00000000b1a58288,0x00000000b1a80000)
 Metaspace       used 94755K, committed 96384K, reserved 1179648K
  class space    used 9233K, committed 10048K, reserved 1048576K
}
Event: 21125.300 GC heap after
{Heap after GC invocations=2935 (full 7):
 PSYoungGen      total 6144K, used 800K [0x00000000d5580000, 0x00000000d5e00000, 0x0000000100000000)
  eden space 5120K, 0% used [0x00000000d5580000,0x00000000d5580000,0x00000000d5a80000)
  from space 1024K, 78% used [0x00000000d5c00000,0x00000000d5cc8010,0x00000000d5d00000)
  to   space 1024K, 0% used [0x00000000d5d00000,0x00000000d5d00000,0x00000000d5e00000)
 ParOldGen       total 814080K, used 813792K [0x0000000080000000, 0x00000000b1b00000, 0x00000000d5580000)
  object space 814080K, 99% used [0x0000000080000000,0x00000000b1ab8298,0x00000000b1b00000)
 Metaspace       used 94755K, committed 96384K, reserved 1179648K
  class space    used 9233K, committed 10048K, reserved 1048576K
}
Event: 21125.316 GC heap before
{Heap before GC invocations=2936 (full 7):
 PSYoungGen      total 6144K, used 5920K [0x00000000d5580000, 0x00000000d5e00000, 0x0000000100000000)
  eden space 5120K, 100% used [0x00000000d5580000,0x00000000d5a80000,0x00000000d5a80000)
  from space 1024K, 78% used [0x00000000d5c00000,0x00000000d5cc8010,0x00000000d5d00000)
  to   space 1024K, 0% used [0x00000000d5d00000,0x00000000d5d00000,0x00000000d5e00000)
 ParOldGen       total 814080K, used 813792K [0x0000000080000000, 0x00000000b1b00000, 0x00000000d5580000)
  object space 814080K, 99% used [0x0000000080000000,0x00000000b1ab8298,0x00000000b1b00000)
 Metaspace       used 94755K, committed 96384K, reserved 1179648K
  class space    used 9233K, committed 10048K, reserved 1048576K
}
Event: 21125.321 GC heap after
{Heap after GC invocations=2936 (full 7):
 PSYoungGen      total 5120K, used 997K [0x00000000d5580000, 0x00000000d6180000, 0x0000000100000000)
  eden space 4096K, 0% used [0x00000000d5580000,0x00000000d5580000,0x00000000d5980000)
  from space 1024K, 97% used [0x00000000d5d00000,0x00000000d5df9700,0x00000000d5e00000)
  to   space 3584K, 0% used [0x00000000d5980000,0x00000000d5980000,0x00000000d5d00000)
 ParOldGen       total 816128K, used 815875K [0x0000000080000000, 0x00000000b1d00000, 0x00000000d5580000)
  object space 816128K, 99% used [0x0000000080000000,0x00000000b1cc0d68,0x00000000b1d00000)
 Metaspace       used 94755K, committed 96384K, reserved 1179648K
  class space    used 9233K, committed 10048K, reserved 1048576K
}
Event: 21125.330 GC heap before
{Heap before GC invocations=2937 (full 7):
 PSYoungGen      total 5120K, used 5093K [0x00000000d5580000, 0x00000000d6180000, 0x0000000100000000)
  eden space 4096K, 100% used [0x00000000d5580000,0x00000000d5980000,0x00000000d5980000)
  from space 1024K, 97% used [0x00000000d5d00000,0x00000000d5df9700,0x00000000d5e00000)
  to   space 3584K, 0% used [0x00000000d5980000,0x00000000d5980000,0x00000000d5d00000)
 ParOldGen       total 816128K, used 815875K [0x0000000080000000, 0x00000000b1d00000, 0x00000000d5580000)
  object space 816128K, 99% used [0x0000000080000000,0x00000000b1cc0d68,0x00000000b1d00000)
 Metaspace       used 94755K, committed 96384K, reserved 1179648K
  class space    used 9233K, committed 10048K, reserved 1048576K
}
Event: 21125.334 GC heap after
{Heap after GC invocations=2937 (full 7):
 PSYoungGen      total 7680K, used 1888K [0x00000000d5580000, 0x00000000d5f80000, 0x0000000100000000)
  eden space 4096K, 0% used [0x00000000d5580000,0x00000000d5580000,0x00000000d5980000)
  from space 3584K, 52% used [0x00000000d5980000,0x00000000d5b58030,0x00000000d5d00000)
  to   space 2560K, 0% used [0x00000000d5d00000,0x00000000d5d00000,0x00000000d5f80000)
 ParOldGen       total 817664K, used 817209K [0x0000000080000000, 0x00000000b1e80000, 0x00000000d5580000)
  object space 817664K, 99% used [0x0000000080000000,0x00000000b1e0e400,0x00000000b1e80000)
 Metaspace       used 94755K, committed 96384K, reserved 1179648K
  class space    used 9233K, committed 10048K, reserved 1048576K
}
Event: 21125.351 GC heap before
{Heap before GC invocations=2938 (full 7):
 PSYoungGen      total 7680K, used 5984K [0x00000000d5580000, 0x00000000d5f80000, 0x0000000100000000)
  eden space 4096K, 100% used [0x00000000d5580000,0x00000000d5980000,0x00000000d5980000)
  from space 3584K, 52% used [0x00000000d5980000,0x00000000d5b58030,0x00000000d5d00000)
  to   space 2560K, 0% used [0x00000000d5d00000,0x00000000d5d00000,0x00000000d5f80000)
 ParOldGen       total 817664K, used 817209K [0x0000000080000000, 0x00000000b1e80000, 0x00000000d5580000)
  object space 817664K, 99% used [0x0000000080000000,0x00000000b1e0e400,0x00000000b1e80000)
 Metaspace       used 94755K, committed 96384K, reserved 1179648K
  class space    used 9233K, committed 10048K, reserved 1048576K
}
Event: 21125.356 GC heap after
{Heap after GC invocations=2938 (full 7):
 PSYoungGen      total 6656K, used 1522K [0x00000000d5580000, 0x00000000d5e80000, 0x0000000100000000)
  eden space 5120K, 0% used [0x00000000d5580000,0x00000000d5580000,0x00000000d5a80000)
  from space 1536K, 99% used [0x00000000d5d00000,0x00000000d5e7c870,0x00000000d5e80000)
  to   space 2048K, 0% used [0x00000000d5a80000,0x00000000d5a80000,0x00000000d5c80000)
 ParOldGen       total 818688K, used 818665K [0x0000000080000000, 0x00000000b1f80000, 0x00000000d5580000)
  object space 818688K, 99% used [0x0000000080000000,0x00000000b1f7a420,0x00000000b1f80000)
 Metaspace       used 94755K, committed 96384K, reserved 1179648K
  class space    used 9233K, committed 10048K, reserved 1048576K
}
Event: 21125.376 GC heap before
{Heap before GC invocations=2939 (full 7):
 PSYoungGen      total 6656K, used 6642K [0x00000000d5580000, 0x00000000d5e80000, 0x0000000100000000)
  eden space 5120K, 100% used [0x00000000d5580000,0x00000000d5a80000,0x00000000d5a80000)
  from space 1536K, 99% used [0x00000000d5d00000,0x00000000d5e7c870,0x00000000d5e80000)
  to   space 2048K, 0% used [0x00000000d5a80000,0x00000000d5a80000,0x00000000d5c80000)
 ParOldGen       total 818688K, used 818665K [0x0000000080000000, 0x00000000b1f80000, 0x00000000d5580000)
  object space 818688K, 99% used [0x0000000080000000,0x00000000b1f7a420,0x00000000b1f80000)
 Metaspace       used 94755K, committed 96384K, reserved 1179648K
  class space    used 9233K, committed 10048K, reserved 1048576K
}
Event: 21125.380 GC heap after
{Heap after GC invocations=2939 (full 7):
 PSYoungGen      total 7168K, used 1610K [0x00000000d5580000, 0x00000000d5f80000, 0x0000000100000000)
  eden space 5120K, 0% used [0x00000000d5580000,0x00000000d5580000,0x00000000d5a80000)
  from space 2048K, 78% used [0x00000000d5a80000,0x00000000d5c12b28,0x00000000d5c80000)
  to   space 2048K, 0% used [0x00000000d5d80000,0x00000000d5d80000,0x00000000d5f80000)
 ParOldGen       total 820224K, used 820167K [0x0000000080000000, 0x00000000b2100000, 0x00000000d5580000)
  object space 820224K, 99% used [0x0000000080000000,0x00000000b20f1cb0,0x00000000b2100000)
 Metaspace       used 94755K, committed 96384K, reserved 1179648K
  class space    used 9233K, committed 10048K, reserved 1048576K
}
Event: 21125.395 GC heap before
{Heap before GC invocations=2940 (full 7):
 PSYoungGen      total 7168K, used 6730K [0x00000000d5580000, 0x00000000d5f80000, 0x0000000100000000)
  eden space 5120K, 100% used [0x00000000d5580000,0x00000000d5a80000,0x00000000d5a80000)
  from space 2048K, 78% used [0x00000000d5a80000,0x00000000d5c12b28,0x00000000d5c80000)
  to   space 2048K, 0% used [0x00000000d5d80000,0x00000000d5d80000,0x00000000d5f80000)
 ParOldGen       total 820224K, used 820167K [0x0000000080000000, 0x00000000b2100000, 0x00000000d5580000)
  object space 820224K, 99% used [0x0000000080000000,0x00000000b20f1cb0,0x00000000b2100000)
 Metaspace       used 94755K, committed 96384K, reserved 1179648K
  class space    used 9233K, committed 10048K, reserved 1048576K
}
Event: 21125.399 GC heap after
{Heap after GC invocations=2940 (full 7):
 PSYoungGen      total 5632K, used 464K [0x00000000d5580000, 0x00000000d5e00000, 0x0000000100000000)
  eden space 5120K, 0% used [0x00000000d5580000,0x00000000d5580000,0x00000000d5a80000)
  from space 512K, 90% used [0x00000000d5d80000,0x00000000d5df4010,0x00000000d5e00000)
  to   space 1024K, 0% used [0x00000000d5c00000,0x00000000d5c00000,0x00000000d5d00000)
 ParOldGen       total 821760K, used 821706K [0x0000000080000000, 0x00000000b2280000, 0x00000000d5580000)
  object space 821760K, 99% used [0x0000000080000000,0x00000000b2272838,0x00000000b2280000)
 Metaspace       used 94755K, committed 96384K, reserved 1179648K
  class space    used 9233K, committed 10048K, reserved 1048576K
}
Event: 21125.413 GC heap before
{Heap before GC invocations=2941 (full 7):
 PSYoungGen      total 5632K, used 5584K [0x00000000d5580000, 0x00000000d5e00000, 0x0000000100000000)
  eden space 5120K, 100% used [0x00000000d5580000,0x00000000d5a80000,0x00000000d5a80000)
  from space 512K, 90% used [0x00000000d5d80000,0x00000000d5df4010,0x00000000d5e00000)
  to   space 1024K, 0% used [0x00000000d5c00000,0x00000000d5c00000,0x00000000d5d00000)
 ParOldGen       total 821760K, used 821706K [0x0000000080000000, 0x00000000b2280000, 0x00000000d5580000)
  object space 821760K, 99% used [0x0000000080000000,0x00000000b2272838,0x00000000b2280000)
 Metaspace       used 94755K, committed 96384K, reserved 1179648K
  class space    used 9233K, committed 10048K, reserved 1048576K
}
Event: 21125.416 GC heap after
{Heap after GC invocations=2941 (full 7):
 PSYoungGen      total 6144K, used 704K [0x00000000d5580000, 0x00000000d5e00000, 0x0000000100000000)
  eden space 5120K, 0% used [0x00000000d5580000,0x00000000d5580000,0x00000000d5a80000)
  from space 1024K, 68% used [0x00000000d5c00000,0x00000000d5cb0000,0x00000000d5d00000)
  to   space 1024K, 0% used [0x00000000d5d00000,0x00000000d5d00000,0x00000000d5e00000)
 ParOldGen       total 822272K, used 822133K [0x0000000080000000, 0x00000000b2300000, 0x00000000d5580000)
  object space 822272K, 99% used [0x0000000080000000,0x00000000b22dd6a8,0x00000000b2300000)
 Metaspace       used 94755K, committed 96384K, reserved 1179648K
  class space    used 9233K, committed 10048K, reserved 1048576K
}

